{
  "stats": {
    "suites": 1,
    "tests": 3,
    "passes": 2,
    "pending": 0,
    "failures": 1,
    "start": "2025-02-26T12:32:09.895Z",
    "end": "2025-02-26T12:32:20.387Z",
    "duration": 10492,
    "testsRegistered": 3,
    "passPercent": 66.66666666666666,
    "pendingPercent": 0,
    "other": 0,
    "hasOther": false,
    "skipped": 0,
    "hasSkipped": false
  },
  "results": [
    {
      "uuid": "633f8a7a-6c11-4fa1-8d4f-a6eb31270dff",
      "title": "",
      "fullFile": "cypress/e2e/test.cy.js",
      "file": "cypress/e2e/test.cy.js",
      "beforeHooks": [],
      "afterHooks": [],
      "tests": [],
      "suites": [
        {
          "uuid": "71189b10-0293-4366-ba3a-3736949dbbd9",
          "title": "CI CD",
          "fullFile": "",
          "file": "",
          "beforeHooks": [],
          "afterHooks": [],
          "tests": [
            {
              "title": "login",
              "fullTitle": "CI CD login",
              "timedOut": null,
              "duration": 129,
              "state": "passed",
              "speed": "fast",
              "pass": true,
              "fail": false,
              "pending": false,
              "context": null,
              "code": "cy.viewport(1920, 1080);\ncy.visit('/');\ncy.get('h1').should('have.text', 'todos');",
              "err": {},
              "uuid": "f865c61b-19f1-4b16-bf8c-0d021b9fe075",
              "parentUUID": "71189b10-0293-4366-ba3a-3736949dbbd9",
              "isHook": false,
              "skipped": false
            },
            {
              "title": "login2",
              "fullTitle": "CI CD login2",
              "timedOut": null,
              "duration": 10225,
              "state": "failed",
              "speed": null,
              "pass": false,
              "fail": true,
              "pending": false,
              "context": null,
              "code": "cy.viewport(1920, 1080);\ncy.visit('/');\ncy.get('h1').should('have.text', 'todosS');",
              "err": {
                "message": "AssertionError: Timed out retrying after 10000ms: expected '<h1>' to have text 'todosS', but the text was 'todos'",
                "estack": "AssertionError: Timed out retrying after 10000ms: expected '<h1>' to have text 'todosS', but the text was 'todos'\n    at Context.eval (webpack://rollup-todomvc/./cypress/e2e/test.cy.js:21:17)",
                "diff": "- 'todos'\n+ 'todosS'\n"
              },
              "uuid": "368373ba-c5c3-48a2-8218-8b837b47be9d",
              "parentUUID": "71189b10-0293-4366-ba3a-3736949dbbd9",
              "isHook": false,
              "skipped": false
            },
            {
              "title": "login3",
              "fullTitle": "CI CD login3",
              "timedOut": null,
              "duration": 37,
              "state": "passed",
              "speed": "fast",
              "pass": true,
              "fail": false,
              "pending": false,
              "context": null,
              "code": "cy.viewport(1920, 1080);\ncy.visit('/');\ncy.get('h1').should('have.text', 'todos');",
              "err": {},
              "uuid": "3030ea91-5654-4b9d-aad2-65ad3de42caf",
              "parentUUID": "71189b10-0293-4366-ba3a-3736949dbbd9",
              "isHook": false,
              "skipped": false
            }
          ],
          "suites": [],
          "passes": [
            "f865c61b-19f1-4b16-bf8c-0d021b9fe075",
            "3030ea91-5654-4b9d-aad2-65ad3de42caf"
          ],
          "failures": [
            "368373ba-c5c3-48a2-8218-8b837b47be9d"
          ],
          "pending": [],
          "skipped": [],
          "duration": 10391,
          "root": false,
          "rootEmpty": false,
          "_timeout": 2000
        }
      ],
      "passes": [],
      "failures": [],
      "pending": [],
      "skipped": [],
      "duration": 0,
      "root": true,
      "rootEmpty": true,
      "_timeout": 2000
    }
  ],
  "meta": {
    "mocha": {
      "version": "7.0.1"
    },
    "mochawesome": {
      "options": {
        "quiet": false,
        "reportFilename": "mochawesome",
        "saveHtml": true,
        "saveJson": true,
        "consoleReporter": "spec",
        "useInlineDiffs": false,
        "code": true
      },
      "version": "7.1.3"
    },
    "marge": {
      "options": {
        "reportDir": "cypress/results",
        "overwrite": true,
        "html": true,
        "json": true
      },
      "version": "6.2.0"
    }
  }
}