{
  "stats": {
    "suites": 1,
    "tests": 1,
    "passes": 0,
    "pending": 0,
    "failures": 1,
    "testsRegistered": 1,
    "passPercent": 0,
    "pendingPercent": 0,
    "other": 0,
    "hasOther": false,
    "skipped": 0,
    "hasSkipped": false,
    "start": "2025-02-26T10:44:35.124Z",
    "end": "2025-02-26T10:44:45.489Z",
    "duration": 10365
  },
  "results": [
    {
      "uuid": "d99b0ee7-191b-4342-a485-e887c48c70ad",
      "title": "",
      "fullFile": "cypress/e2e/test.cy.js",
      "file": "cypress/e2e/test.cy.js",
      "beforeHooks": [],
      "afterHooks": [],
      "tests": [],
      "suites": [
        {
          "uuid": "10d607df-a72c-479a-9522-992a617cea9a",
          "title": "CI CD",
          "fullFile": "",
          "file": "",
          "beforeHooks": [],
          "afterHooks": [],
          "tests": [
            {
              "title": "login",
              "fullTitle": "CI CD login",
              "timedOut": null,
              "duration": 10321,
              "state": "failed",
              "speed": null,
              "pass": false,
              "fail": true,
              "pending": false,
              "context": null,
              "code": "cy.viewport(1920, 1080);\ncy.visit('/');\ncy.get('h1').should('have.text', 'todosS');\n// cy.wait(500);\n// Cypress.on('uncaught:exception', (err, runnable) => {\n//   return false;\n// });\n// cy.get('div.justify-center.gap-2 button:nth-child(1)').should('be.visible').click().then(() => {\n//   cy.get('div.m-4 img[alt=\"logo\"]').should('be.visible');\n// });\n// cy.get('input[name=\"email\"]').should('be.visible').type('sjocic@bettercollective.com');\n// cy.get('input[name=\"password\"]').should('be.visible').type('Better2022');\n// cy.get('button[type=\"submit\"]').should('not.be.disabled').click();",
              "err": {
                "message": "AssertionError: Timed out retrying after 10000ms: expected '<h1>' to have text 'todosS', but the text was 'todos'",
                "estack": "AssertionError: Timed out retrying after 10000ms: expected '<h1>' to have text 'todosS', but the text was 'todos'\n    at Context.eval (webpack://rollup-todomvc/./cypress/e2e/test.cy.js:14:17)",
                "diff": "- 'todos'\n+ 'todosS'\n"
              },
              "uuid": "503409f4-d882-4242-97e9-fe63553487e7",
              "parentUUID": "10d607df-a72c-479a-9522-992a617cea9a",
              "isHook": false,
              "skipped": false
            }
          ],
          "suites": [],
          "passes": [],
          "failures": [
            "503409f4-d882-4242-97e9-fe63553487e7"
          ],
          "pending": [],
          "skipped": [],
          "duration": 10321,
          "root": false,
          "rootEmpty": false,
          "_timeout": 2000
        }
      ],
      "passes": [],
      "failures": [],
      "pending": [],
      "skipped": [],
      "duration": 0,
      "root": true,
      "rootEmpty": true,
      "_timeout": 2000
    }
  ],
  "meta": {
    "mocha": {
      "version": "7.0.1"
    },
    "mochawesome": {
      "options": {
        "quiet": false,
        "reportFilename": "mochawesome",
        "saveHtml": false,
        "saveJson": true,
        "consoleReporter": "spec",
        "useInlineDiffs": false,
        "code": true
      },
      "version": "7.1.3"
    },
    "marge": {
      "options": {
        "reportDir": "cypress/results",
        "overwrite": false,
        "html": false,
        "json": true
      },
      "version": "6.2.0"
    }
  }
}